{"/Users/alexbest/projects/repo-love/src/config/index.ts": {"path":"/Users/alexbest/projects/repo-love/src/config/index.ts","statementMap":{"0":{"start":{"line":1,"column":0},"end":{"line":1,"column":31}},"1":{"start":{"line":3,"column":16},"end":{"line":3,"column":23}},"2":{"start":{"line":5,"column":13},"end":{"line":14,"column":null}}},"fnMap":{},"branchMap":{},"s":{"0":3,"1":3,"2":3},"f":{},"b":{}}
,"/Users/alexbest/projects/repo-love/src/github/assign-repos/index.ts": {"path":"/Users/alexbest/projects/repo-love/src/github/assign-repos/index.ts","statementMap":{"0":{"start":{"line":1,"column":0},"end":{"line":1,"column":22}},"1":{"start":{"line":10,"column":13},"end":{"line":19,"column":null}},"2":{"start":{"line":10,"column":134},"end":{"line":19,"column":null}},"3":{"start":{"line":11,"column":2},"end":{"line":19,"column":null}},"4":{"start":{"line":14,"column":38},"end":{"line":18,"column":6}}},"fnMap":{"0":{"name":"(anonymous_8)","decl":{"start":{"line":10,"column":27},"end":{"line":10,"column":34}},"loc":{"start":{"line":10,"column":134},"end":{"line":19,"column":null}}},"1":{"name":"(anonymous_9)","decl":{"start":{"line":10,"column":134},"end":{"line":10,"column":null}},"loc":{"start":{"line":10,"column":134},"end":{"line":19,"column":null}}},"2":{"name":"(anonymous_10)","decl":{"start":{"line":14,"column":9},"end":{"line":14,"column":10}},"loc":{"start":{"line":14,"column":38},"end":{"line":18,"column":6}}}},"branchMap":{},"s":{"0":1,"1":1,"2":1,"3":1,"4":2},"f":{"0":1,"1":1,"2":2},"b":{}}
,"/Users/alexbest/projects/repo-love/src/github/get-repos/index.ts": {"path":"/Users/alexbest/projects/repo-love/src/github/get-repos/index.ts","statementMap":{"0":{"start":{"line":1,"column":0},"end":{"line":1,"column":22}},"1":{"start":{"line":2,"column":0},"end":{"line":2,"column":39}},"2":{"start":{"line":3,"column":0},"end":{"line":3,"column":37}},"3":{"start":{"line":5,"column":39},"end":{"line":5,"column":45}},"4":{"start":{"line":7,"column":13},"end":{"line":18,"column":null}},"5":{"start":{"line":7,"column":59},"end":{"line":18,"column":null}},"6":{"start":{"line":8,"column":18},"end":{"line":8,"column":46}},"7":{"start":{"line":9,"column":19},"end":{"line":15,"column":4}},"8":{"start":{"line":14,"column":4},"end":{"line":14,"column":null}},"9":{"start":{"line":17,"column":2},"end":{"line":17,"column":null}}},"fnMap":{"0":{"name":"(anonymous_8)","decl":{"start":{"line":7,"column":24},"end":{"line":7,"column":57}},"loc":{"start":{"line":7,"column":59},"end":{"line":18,"column":null}}},"1":{"name":"(anonymous_9)","decl":{"start":{"line":7,"column":59},"end":{"line":7,"column":null}},"loc":{"start":{"line":7,"column":59},"end":{"line":18,"column":1}}},"2":{"name":"(anonymous_10)","decl":{"start":{"line":13,"column":9},"end":{"line":13,"column":10}},"loc":{"start":{"line":13,"column":13},"end":{"line":15,"column":3}}}},"branchMap":{},"s":{"0":1,"1":1,"2":1,"3":1,"4":1,"5":1,"6":1,"7":1,"8":0,"9":1},"f":{"0":1,"1":1,"2":0},"b":{}}
,"/Users/alexbest/projects/repo-love/src/slack/client/index.ts": {"path":"/Users/alexbest/projects/repo-love/src/slack/client/index.ts","statementMap":{"0":{"start":{"line":1,"column":0},"end":{"line":1,"column":42}},"1":{"start":{"line":2,"column":0},"end":{"line":2,"column":37}},"2":{"start":{"line":4,"column":14},"end":{"line":4,"column":32}},"3":{"start":{"line":6,"column":13},"end":{"line":6,"column":null}}},"fnMap":{},"branchMap":{},"s":{"0":2,"1":2,"2":2,"3":2},"f":{},"b":{}}
,"/Users/alexbest/projects/repo-love/src/slack/get-engineers/index.ts": {"path":"/Users/alexbest/projects/repo-love/src/slack/get-engineers/index.ts","statementMap":{"0":{"start":{"line":1,"column":0},"end":{"line":1,"column":22}},"1":{"start":{"line":3,"column":0},"end":{"line":3,"column":42}},"2":{"start":{"line":4,"column":0},"end":{"line":4,"column":37}},"3":{"start":{"line":6,"column":30},"end":{"line":6,"column":42}},"4":{"start":{"line":21,"column":13},"end":{"line":48,"column":null}},"5":{"start":{"line":21,"column":78},"end":{"line":48,"column":null}},"6":{"start":{"line":23,"column":26},"end":{"line":26,"column":4}},"7":{"start":{"line":28,"column":2},"end":{"line":45,"column":null}},"8":{"start":{"line":30,"column":28},"end":{"line":41,"column":null}},"9":{"start":{"line":31,"column":61},"end":{"line":41,"column":8}},"10":{"start":{"line":32,"column":36},"end":{"line":35,"column":10}},"11":{"start":{"line":37,"column":8},"end":{"line":40,"column":null}},"12":{"start":{"line":44,"column":4},"end":{"line":44,"column":null}},"13":{"start":{"line":47,"column":2},"end":{"line":47,"column":null}}},"fnMap":{"0":{"name":"(anonymous_8)","decl":{"start":{"line":21,"column":28},"end":{"line":21,"column":76}},"loc":{"start":{"line":21,"column":78},"end":{"line":48,"column":null}}},"1":{"name":"(anonymous_9)","decl":{"start":{"line":21,"column":78},"end":{"line":21,"column":null}},"loc":{"start":{"line":21,"column":78},"end":{"line":48,"column":1}}},"2":{"name":"(anonymous_10)","decl":{"start":{"line":31,"column":36},"end":{"line":31,"column":43}},"loc":{"start":{"line":31,"column":61},"end":{"line":41,"column":8}}},"3":{"name":"(anonymous_11)","decl":{"start":{"line":31,"column":61},"end":{"line":31,"column":null}},"loc":{"start":{"line":31,"column":61},"end":{"line":41,"column":7}}}},"branchMap":{"0":{"loc":{"start":{"line":28,"column":2},"end":{"line":45,"column":null}},"type":"if","locations":[{"start":{"line":28,"column":2},"end":{"line":45,"column":null}},{"start":{"line":28,"column":2},"end":{"line":45,"column":null}}]}},"s":{"0":1,"1":1,"2":1,"3":1,"4":1,"5":1,"6":1,"7":1,"8":1,"9":1,"10":1,"11":1,"12":1,"13":0},"f":{"0":1,"1":1,"2":1,"3":1},"b":{"0":[1,0]}}
,"/Users/alexbest/projects/repo-love/src/slack/send-messages/index.ts": {"path":"/Users/alexbest/projects/repo-love/src/slack/send-messages/index.ts","statementMap":{"0":{"start":{"line":1,"column":0},"end":{"line":1,"column":22}},"1":{"start":{"line":2,"column":0},"end":{"line":2,"column":42}},"2":{"start":{"line":4,"column":0},"end":{"line":4,"column":37}},"3":{"start":{"line":6,"column":18},"end":{"line":6,"column":30}},"4":{"start":{"line":8,"column":13},"end":{"line":20,"column":null}},"5":{"start":{"line":8,"column":98},"end":{"line":20,"column":null}},"6":{"start":{"line":9,"column":2},"end":{"line":19,"column":null}},"7":{"start":{"line":10,"column":66},"end":{"line":18,"column":5}},"8":{"start":{"line":11,"column":34},"end":{"line":11,"column":41}},"9":{"start":{"line":12,"column":31},"end":{"line":12,"column":129}},"10":{"start":{"line":13,"column":6},"end":{"line":17,"column":null}}},"fnMap":{"0":{"name":"(anonymous_8)","decl":{"start":{"line":8,"column":28},"end":{"line":8,"column":35}},"loc":{"start":{"line":8,"column":98},"end":{"line":20,"column":null}}},"1":{"name":"(anonymous_9)","decl":{"start":{"line":8,"column":98},"end":{"line":8,"column":null}},"loc":{"start":{"line":8,"column":98},"end":{"line":20,"column":1}}},"2":{"name":"(anonymous_10)","decl":{"start":{"line":10,"column":24},"end":{"line":10,"column":31}},"loc":{"start":{"line":10,"column":66},"end":{"line":18,"column":5}}},"3":{"name":"(anonymous_11)","decl":{"start":{"line":10,"column":66},"end":{"line":10,"column":null}},"loc":{"start":{"line":10,"column":66},"end":{"line":18,"column":4}}}},"branchMap":{},"s":{"0":1,"1":1,"2":1,"3":1,"4":1,"5":1,"6":1,"7":1,"8":1,"9":1,"10":1},"f":{"0":1,"1":1,"2":1,"3":1},"b":{}}
}
