TN:
SF:src/config/index.ts
FNF:0
FNH:0
DA:1,3
DA:3,3
DA:5,3
LF:3
LH:3
BRF:0
BRH:0
end_of_record
TN:
SF:src/github/assign-repos/index.ts
FN:10,(anonymous_8)
FN:10,(anonymous_9)
FN:14,(anonymous_10)
FNF:3
FNH:3
FNDA:1,(anonymous_8)
FNDA:1,(anonymous_9)
FNDA:2,(anonymous_10)
DA:1,1
DA:10,1
DA:11,1
DA:14,2
LF:4
LH:4
BRF:0
BRH:0
end_of_record
TN:
SF:src/github/get-repos/index.ts
FN:7,(anonymous_8)
FN:7,(anonymous_9)
FN:13,(anonymous_10)
FNF:3
FNH:2
FNDA:1,(anonymous_8)
FNDA:1,(anonymous_9)
FNDA:0,(anonymous_10)
DA:1,1
DA:2,1
DA:3,1
DA:5,1
DA:7,1
DA:8,1
DA:9,1
DA:14,0
DA:17,1
LF:9
LH:8
BRF:0
BRH:0
end_of_record
TN:
SF:src/slack/client/index.ts
FNF:0
FNH:0
DA:1,2
DA:2,2
DA:4,2
DA:6,2
LF:4
LH:4
BRF:0
BRH:0
end_of_record
TN:
SF:src/slack/get-engineers/index.ts
FN:21,(anonymous_8)
FN:21,(anonymous_9)
FN:31,(anonymous_10)
FN:31,(anonymous_11)
FNF:4
FNH:4
FNDA:1,(anonymous_8)
FNDA:1,(anonymous_9)
FNDA:1,(anonymous_10)
FNDA:1,(anonymous_11)
DA:1,1
DA:3,1
DA:4,1
DA:6,1
DA:21,1
DA:23,1
DA:28,1
DA:30,1
DA:31,1
DA:32,1
DA:37,1
DA:44,1
DA:47,0
LF:13
LH:12
BRDA:28,0,0,1
BRDA:28,0,1,0
BRF:2
BRH:1
end_of_record
TN:
SF:src/slack/send-messages/index.ts
FN:8,(anonymous_8)
FN:8,(anonymous_9)
FN:10,(anonymous_10)
FN:10,(anonymous_11)
FNF:4
FNH:4
FNDA:1,(anonymous_8)
FNDA:1,(anonymous_9)
FNDA:1,(anonymous_10)
FNDA:1,(anonymous_11)
DA:1,1
DA:2,1
DA:4,1
DA:6,1
DA:8,1
DA:9,1
DA:10,1
DA:11,1
DA:12,1
DA:13,1
LF:10
LH:10
BRF:0
BRH:0
end_of_record
